TN:
SF:/Users/brendanlacroix/repos/gulp-polish/lib/plugin.js
FN:5,polish
FN:6,(anonymous_2)
FNF:2
FNH:2
FNDA:6,polish
FNDA:6,(anonymous_2)
DA:1,1
DA:5,1
DA:6,6
DA:7,6
DA:10,6
DA:11,1
DA:14,5
DA:16,5
DA:18,5
DA:19,3
DA:20,3
DA:21,3
DA:23,2
DA:24,2
DA:25,2
DA:28,5
DA:32,1
DA:33,1
LF:18
LH:18
BRDA:10,1,0,1
BRDA:10,1,1,5
BRDA:18,2,0,3
BRDA:18,2,1,2
BRDA:18,3,0,5
BRDA:18,3,1,2
BRF:6
BRH:6
end_of_record
TN:
SF:/Users/brendanlacroix/repos/gulp-polish/lib/reporter.js
FN:7,gulpPolishReporter
FN:13,(anonymous_2)
FN:26,(anonymous_3)
FNF:3
FNH:3
FNDA:4,gulpPolishReporter
FNDA:4,(anonymous_2)
FNDA:2,(anonymous_3)
DA:1,1
DA:7,1
DA:8,4
DA:10,4
DA:13,4
DA:14,4
DA:15,2
DA:18,2
DA:19,2
DA:20,2
DA:21,2
DA:24,2
DA:27,2
DA:29,2
DA:30,1
DA:31,1
DA:32,1
DA:35,2
DA:36,2
LF:19
LH:19
BRDA:8,1,0,4
BRDA:8,1,1,3
BRDA:14,2,0,2
BRDA:14,2,1,2
BRDA:18,3,0,2
BRDA:18,3,1,0
BRDA:18,4,0,2
BRDA:18,4,1,2
BRDA:29,5,0,1
BRDA:29,5,1,1
BRF:10
BRH:9
end_of_record
